[01/07/19, 11:56:00:076] info: ╔═══════════════════════════════════════════════════════════════════════════════╗
[01/07/19, 11:56:00:077] info: ║      Slack 3.3.3, darwin (Store) 17.5.0 on x64 at 01/07/19, 11:56:00:073      ║
[01/07/19, 11:56:00:077] info: ╚═══════════════════════════════════════════════════════════════════════════════╝
[01/07/19, 11:56:00:169] info: Initializing local storage instance at path: /Users/karennazoss/Library/Containers/com.tinyspeck.slackmacgap/Data/Library/Application Support/Slack/local-settings.json
[01/07/19, 11:56:00:519] info: cld3::loadModule: loading cld3 module
[01/07/19, 11:56:00:542] info: cld3Loader::loadModule: running environment is NODE
[01/07/19, 11:56:00:542] info: cld3Loader::loadModule: constructed module object for runtime
[01/07/19, 11:56:00:801] info: cld3Loader::initializeRuntime: successfully initialized module
[01/07/19, 11:56:00:801] info: cld3Loader::loadModule: initialized wasm binary Runtime
[01/07/19, 11:56:00:806] info: SpellChecker:: updateSpellcheckerLanguage: Skip to set new language null, spellchecker is not available
[01/07/19, 11:56:00:814] info: TouchBarIntegration: Initializing TouchBar classes
[01/07/19, 11:56:00:821] info: Main window preload script finished
{
  "readyTime": 1013.609483
}
[01/07/19, 11:56:03:280] info: Store: UPSERT_WEB_CONTENTS
{
  "id": 4,
  "state": "loaded",
  "teamId": "T44ULKQPL"
}
[01/07/19, 11:56:03:325] info: Store: UPDATE_SESSION_STATUS
{
  "hasValidSession": true,
  "teamId": "T44ULKQPL"
}
[01/07/19, 11:56:03:956] info: Store: SELECT_CHANNEL C44SKMV4K
[01/07/19, 11:56:03:957] info: Store: UPDATE_TEAM_LOCALE
{
  "locale": "en-US",
  "teamId": "T44ULKQPL"
}
[01/07/19, 11:56:03:957] info: Store: UPDATE_SETTINGS
{
  "locale": "en-US"
}
[01/07/19, 11:56:03:958] info: Store: UPDATE_TEAM_THEME
{
  "teamId": "T44ULKQPL",
  "theme": {
    "active_item": "#4C9689",
    "active_item_text": "#FFFFFF",
    "active_presence": "#38978D",
    "badge": "#EB4D5C",
    "column_bg": "#4D394B",
    "hover_item": "#3E313C",
    "menu_bg": "#3E313C",
    "text_color": "#FFFFFF"
  }
}
[01/07/19, 11:56:04:028] info: Store: UPDATE_TEAM_LOCALE
{
  "locale": "en-US",
  "teamId": "T44ULKQPL"
}
[01/07/19, 11:56:04:028] info: Store: UPSERT_WEB_CONTENTS
{
  "id": 4,
  "state": "webapp-loaded",
  "teamId": "T44ULKQPL"
}
[01/07/19, 11:56:04:029] info: Store: UPDATE_SETTINGS
{
  "sandboxSigninWindow": true
}
[01/07/19, 11:56:04:163] info: Store: STORE_ENTERPRISE_ID_PAIR
{
  "enterpriseId": null,
  "teamId": "T44ULKQPL"
}
[01/07/19, 11:56:04:163] info: Store: STORE_API_TOKEN
{
  "teamId": "T44ULKQPL",
  "token": "xoxs-⋯"
}
[01/07/19, 11:56:04:662] info: postLoadTaskSetup: Setup spellchecker
{
  "version": "V1"
}
[01/07/19, 11:56:30:991] info: Store: SAVE_WINDOW_SETTINGS
{
  "isMaximized": false,
  "position": [
    552,
    57
  ],
  "size": [
    1024,
    768
  ]
}
[01/07/19, 11:56:36:046] info: Store: SAVE_WINDOW_SETTINGS
{
  "isMaximized": false,
  "position": [
    231,
    41
  ],
  "size": [
    1024,
    768
  ]
}
[01/07/19, 11:56:50:286] info: Store: UPDATE_SETTINGS
{
  "hasRunFromTray": true
}
[01/07/19, 11:56:50:286] info: Store: SHOW_TRAY_BALLOON
{
  "content": "Slack’s set to stay running in the notification area. To change this, visit Preferences > Linux App.",
  "title": "Why didn’t Slack quit?"
}
[01/07/19, 12:03:34:917] info: Store: SET_SUSPEND_STATUS
[01/07/19, 12:03:34:921] error: Jan-7 12:03:34.921 SOCKET-MANAGER (T44ULKQPL) Closing socket because #4102: client is going to sleep
[01/07/19, 12:25:48:445] info: Store: SET_SUSPEND_STATUS true
[01/07/19, 12:25:59:902] error: Jan-7 12:25:59.902 SOCKET-MANAGER (T44ULKQPL) Socket was closed because #1006: generic error
[01/07/19, 12:26:01:648] info: Store: SET_NETWORK_STATUS offline
[01/07/19, 12:26:05:657] info: Store: SET_NETWORK_STATUS online
[01/07/19, 12:26:07:060] info: Store: UPDATE_TEAM_LOCALE
{
  "locale": "en-US",
  "teamId": "T44ULKQPL"
}
[01/07/19, 12:26:07:061] info: Store: FOREGROUND_APP
[01/07/19, 12:31:37:127] info: Store: FOREGROUND_APP
[01/07/19, 12:31:38:659] info: Store: SAVE_WINDOW_SETTINGS
{
  "isMaximized": false,
  "position": [
    231,
    41
  ],
  "size": [
    1024,
    768
  ]
}
[01/07/19, 12:31:56:035] info: Store: FOREGROUND_APP
[01/07/19, 12:48:54:082] info: Store: FOREGROUND_APP
[01/07/19, 12:48:55:622] info: Store: SAVE_WINDOW_SETTINGS
{
  "isMaximized": false,
  "position": [
    231,
    41
  ],
  "size": [
    1024,
    768
  ]
}
[01/07/19, 12:50:27:498] info: Store: FOREGROUND_APP
[01/07/19, 12:51:29:123] info: Store: FOREGROUND_APP
[01/07/19, 12:59:40:262] info: Store: FOREGROUND_APP
[01/07/19, 13:05:15:465] error: Jan-7 13:05:15.465 SOCKET-MANAGER (T44ULKQPL) Closing socket because #4105: client went offline
[01/07/19, 13:05:16:823] info: Store: SET_NETWORK_STATUS offline
[01/07/19, 13:05:22:012] info: Store: SET_NETWORK_STATUS online
[01/07/19, 13:05:28:423] error: Jan-7 13:05:28.423 SOCKET-MANAGER (T44ULKQPL) Closing socket because #4105: client went offline
[01/07/19, 13:05:29:886] info: Store: SET_NETWORK_STATUS offline
[01/07/19, 13:06:39:094] info: Store: SET_NETWORK_STATUS online
[01/07/19, 13:33:43:187] info: Store: SET_SUSPEND_STATUS
[01/07/19, 13:33:43:190] error: Jan-7 13:33:43.190 SOCKET-MANAGER (T44ULKQPL) Closing socket because #4102: client is going to sleep
[01/07/19, 13:41:59:669] info: Store: SET_SUSPEND_STATUS true
[01/07/19, 13:42:11:384] error: Jan-7 13:42:11.383 SOCKET-MANAGER (T44ULKQPL) Closing socket because #4105: client went offline
[01/07/19, 13:42:11:927] info: Store: SET_NETWORK_STATUS offline
[01/07/19, 13:42:16:915] info: Store: SET_NETWORK_STATUS online
[01/07/19, 13:42:18:610] info: Store: UPDATE_TEAM_LOCALE
{
  "locale": "en-US",
  "teamId": "T44ULKQPL"
}
[01/07/19, 13:42:19:535] info: Store: UPDATE_TEAM_LOCALE
{
  "locale": "en-US",
  "teamId": "T44ULKQPL"
}
[01/07/19, 13:49:38:657] error: Jan-7 13:49:38.657 SOCKET-MANAGER (T44ULKQPL) Closing socket because #4105: client went offline
[01/07/19, 13:49:39:928] info: Store: SET_NETWORK_STATUS offline
[01/07/19, 13:50:34:930] info: Store: SET_NETWORK_STATUS online
[01/07/19, 13:50:38:930] info: Store: SET_NETWORK_STATUS offline
[01/07/19, 13:51:50:933] info: Store: SET_NETWORK_STATUS online
[01/07/19, 14:22:41:004] info: Store: NEW_NOTIFICATION
{
  "authorName": "[REDACTED]",
  "avatarImage": "[REDACTED]",
  "channel": "C44SKMV4K",
  "channelName": "[REDACTED]",
  "content": "[REDACTED]",
  "id": "YNgI3hVR3LjD9p",
  "launchUri": "slack://channel?id=C44SKMV4K&message=1546896160.015100&team=T44ULKQPL",
  "msg": "[REDACTED]",
  "ssbFilename": "knock_brush.mp3",
  "subtitle": "",
  "teamId": "T44ULKQPL",
  "title": "[REDACTED]"
}
[01/07/19, 14:23:05:819] info: Store: FOREGROUND_APP
[01/07/19, 14:24:34:518] info: Store: FOREGROUND_APP
[01/07/19, 14:24:59:931] info: Store: FOREGROUND_APP
[01/07/19, 14:27:42:904] info: Store: FOREGROUND_APP
[01/07/19, 14:30:44:101] info: Store: FOREGROUND_APP
[01/07/19, 14:31:50:112] info: Store: FOREGROUND_APP
[01/07/19, 14:50:55:984] error: Jan-7 14:50:55.984 SOCKET-MANAGER (T44ULKQPL) Closing socket because #4105: client went offline
[01/07/19, 14:50:56:995] info: Store: SET_NETWORK_STATUS offline
[01/07/19, 14:51:03:001] info: Store: SET_NETWORK_STATUS online
[01/07/19, 14:51:08:941] error: Jan-7 14:51:08.941 SOCKET-MANAGER (T44ULKQPL) Closing socket because #4105: client went offline
[01/07/19, 14:51:10:000] info: Store: SET_NETWORK_STATUS offline
[01/07/19, 14:56:10:999] error: Jan-7 14:56:10.999 SOCKET-MANAGER (T44ULKQPL) Closing socket because we spent 300000 ms in wait_for_connectivity state; giving up
[01/07/19, 14:56:45:542] error: Jan-7 14:56:45.542 SOCKET-MANAGER (T44ULKQPL) Socket was closed because #1006: generic error
[01/07/19, 14:57:23:000] error: Jan-7 14:57:23.000 SOCKET-MANAGER (T44ULKQPL) Closing socket because we spent 35000 ms in prov_connecting state; giving up
[01/07/19, 14:57:23:001] error: Jan-7 14:57:23.000 SOCKET-MANAGER (T44ULKQPL) Closing socket because #4107: client state machine got stuck
[01/07/19, 14:58:03:001] error: Jan-7 14:58:03.001 SOCKET-MANAGER (T44ULKQPL) Closing socket because we spent 35000 ms in prov_connecting state; giving up
[01/07/19, 14:58:03:002] error: Jan-7 14:58:03.002 SOCKET-MANAGER (T44ULKQPL) Closing socket because #4107: client state machine got stuck
[01/07/19, 14:58:40:277] error: Jan-7 14:58:40.277 SOCKET-MANAGER (T44ULKQPL) Socket was closed because #1006: generic error
[01/07/19, 14:59:24:003] error: Jan-7 14:59:24.002 SOCKET-MANAGER (T44ULKQPL) Closing socket because we spent 35000 ms in prov_connecting state; giving up
[01/07/19, 14:59:24:003] error: Jan-7 14:59:24.003 SOCKET-MANAGER (T44ULKQPL) Closing socket because #4107: client state machine got stuck
[01/07/19, 15:00:17:004] error: Jan-7 15:00:17.004 SOCKET-MANAGER (T44ULKQPL) Closing socket because we spent 35000 ms in prov_connecting state; giving up
[01/07/19, 15:00:17:005] error: Jan-7 15:00:17.004 SOCKET-MANAGER (T44ULKQPL) Closing socket because #4107: client state machine got stuck
[01/07/19, 15:00:43:702] error: Jan-7 15:00:43.702 SOCKET-MANAGER (T44ULKQPL) Socket was closed because #1006: generic error
[01/07/19, 15:01:14:290] error: Jan-7 15:01:14.290 SOCKET-MANAGER (T44ULKQPL) Socket was closed because #1006: generic error
[01/07/19, 15:01:19:006] info: Store: SET_NETWORK_STATUS online
[01/07/19, 15:01:47:257] info: Store: UPDATE_TEAM_LOCALE
{
  "locale": "en-US",
  "teamId": "T44ULKQPL"
}
[01/07/19, 15:31:33:456] info: Store: FOREGROUND_APP
[01/07/19, 15:31:35:015] info: Store: SAVE_WINDOW_SETTINGS
{
  "isMaximized": false,
  "position": [
    231,
    41
  ],
  "size": [
    1024,
    768
  ]
}
[01/07/19, 15:44:49:695] error: Jan-7 15:44:49.695 SOCKET-MANAGER (T44ULKQPL) Closing socket because #4105: client went offline
[01/07/19, 15:44:51:088] info: Store: SET_NETWORK_STATUS offline
[01/07/19, 15:45:04:089] info: Store: SET_NETWORK_STATUS online
[01/07/19, 15:45:06:934] error: Jan-7 15:45:06.934 SOCKET-MANAGER (T44ULKQPL) Closing socket because #4105: client went offline
[01/07/19, 15:45:08:081] info: Store: SET_NETWORK_STATUS offline
[01/07/19, 15:45:14:090] info: Store: SET_NETWORK_STATUS online
[01/07/19, 16:49:18:494] info: Store: SET_SUSPEND_STATUS
[01/07/19, 16:49:18:498] error: Jan-7 16:49:18.498 SOCKET-MANAGER (T44ULKQPL) Closing socket because #4102: client is going to sleep
[01/07/19, 16:49:33:588] info: Store: SET_SUSPEND_STATUS true
[01/07/19, 16:49:45:516] info: Store: SET_SUSPEND_STATUS
[01/07/19, 16:49:45:519] error: Jan-7 16:49:45.519 SOCKET-MANAGER (T44ULKQPL) Closing socket because #4102: client is going to sleep
[01/07/19, 16:50:26:939] info: Store: SET_SUSPEND_STATUS true
[01/07/19, 16:50:57:329] info: Store: FOREGROUND_APP
[01/07/19, 16:54:25:429] info: Store: FOREGROUND_APP
[01/07/19, 16:56:50:294] info: Store: SELECT_CHANNEL GF9LM571D
[01/07/19, 16:58:18:233] info: Store: FOREGROUND_APP
[01/07/19, 16:59:04:960] info: Store: FOREGROUND_APP
[01/07/19, 17:02:50:185] info: Store: SET_SUSPEND_STATUS
[01/07/19, 17:02:50:190] error: Jan-7 17:02:50.190 SOCKET-MANAGER (T44ULKQPL) Closing socket because #4102: client is going to sleep
[01/07/19, 17:07:16:946] info: Store: SET_NETWORK_STATUS offline
[01/07/19, 17:07:29:127] info: Store: SET_NETWORK_STATUS online
[01/07/19, 17:19:12:102] info: Store: SET_NETWORK_STATUS offline
[01/08/19, 07:54:42:756] info: Store: SET_SUSPEND_STATUS true
[01/08/19, 07:54:42:868] error: Jan-8 07:54:42.868 SOCKET-MANAGER (T44ULKQPL) Socket was closed because #1006: generic error
[01/08/19, 07:54:44:118] info: Store: SET_SUSPEND_STATUS
[01/08/19, 07:54:50:494] info: Store: SET_NETWORK_STATUS online
[01/08/19, 08:00:13:968] info: Store: SET_SUSPEND_STATUS true
[01/08/19, 08:00:33:320] info: Store: UPDATE_TEAM_LOCALE
{
  "locale": "en-US",
  "teamId": "T44ULKQPL"
}
[01/08/19, 08:01:59:367] info: Store: SET_SUSPEND_STATUS
[01/08/19, 08:01:59:370] error: Jan-8 08:01:59.370 SOCKET-MANAGER (T44ULKQPL) Closing socket because #4102: client is going to sleep
[01/08/19, 08:17:23:954] info: Store: SET_SUSPEND_STATUS true
[01/08/19, 08:18:01:439] info: Store: UPDATE_TEAM_LOCALE
{
  "locale": "en-US",
  "teamId": "T44ULKQPL"
}
[01/08/19, 08:20:45:314] info: Store: FOREGROUND_APP
[01/08/19, 08:20:46:880] info: Store: SAVE_WINDOW_SETTINGS
{
  "isMaximized": false,
  "position": [
    231,
    41
  ],
  "size": [
    1024,
    768
  ]
}
[01/08/19, 08:21:00:951] info: Store: SELECT_CHANNEL C44SKMV4K
[01/08/19, 08:24:37:566] info: Store: FOREGROUND_APP
[01/08/19, 08:24:39:116] info: Store: SAVE_WINDOW_SETTINGS
{
  "isMaximized": false,
  "position": [
    231,
    41
  ],
  "size": [
    1024,
    768
  ]
}
[01/08/19, 08:24:47:799] info: Store: SELECT_CHANNEL C45K6M0J2
[01/08/19, 08:24:53:746] info: Store: SELECT_CHANNEL C4800QW5S
[01/08/19, 08:25:00:384] info: Store: SELECT_CHANNEL C44SKMV4K
